<?xml version="1.0" encoding="UTF-8"?>
<!-- Generated by org.testng.reporters.JUnitReportReporter -->
<testsuite hostname="Cibhichakaravarthi" failures="0" tests="1" name="tests.SearchItemTest" time="29.985" errors="0" timestamp="2024-07-09T16:57:56 IST" skipped="0">
  <testcase classname="tests.SearchItemTest" name="searchAddToshoppingCart" time="29.985"/>
  <system-out>
    <![CDATA[<img src= C:\Users\cibhi\eclipse-workspace\Ecommerce\screenshots\searchAddToshoppingCart.png width = 200px height=200px />]]>
  </system-out>
</testsuite> <!-- tests.SearchItemTest -->
