<?xml version="1.0" encoding="UTF-8"?>
<!-- Generated by org.testng.reporters.JUnitReportReporter -->
<testsuite hostname="Cibhichakaravarthi" failures="0" tests="2" name="tests.MenuValidationTest" time="0.890" errors="0" timestamp="2024-07-09T16:57:56 IST" skipped="0">
  <testcase classname="tests.MenuValidationTest" name="topLinkVerification" time="0.319"/>
  <system-out>
    <![CDATA[<img src= C:\Users\cibhi\eclipse-workspace\Ecommerce\screenshots\topLinkVerification.png width = 200px height=200px />]]>
  </system-out>
  <testcase classname="tests.MenuValidationTest" name="bottomLinkVerification" time="0.571"/>
  <system-out>
    <![CDATA[<img src= C:\Users\cibhi\eclipse-workspace\Ecommerce\screenshots\bottomLinkVerification.png width = 200px height=200px />]]>
  </system-out>
</testsuite> <!-- tests.MenuValidationTest -->
