<?xml version="1.0" encoding="UTF-8"?>
<!-- Generated by org.testng.reporters.JUnitReportReporter -->
<testsuite hostname="Cibhichakaravarthi" failures="0" tests="3" name="tests.SignInTest" time="25.934" errors="0" timestamp="2024-07-09T18:33:40 IST" skipped="0">
  <testcase classname="tests.SignInTest" name="signUpValidCredentials" time="9.203"/>
  <system-out>
    <![CDATA[<img src= C:\Users\cibhi\eclipse-workspace\Ecommerce\screenshots\signUpValidCredentials.png width = 200px height=200px />]]>
  </system-out>
  <testcase classname="tests.SignInTest" name="signUpInValidCredentials" time="7.830"/>
  <system-out>
    <![CDATA[<img src= C:\Users\cibhi\eclipse-workspace\Ecommerce\screenshots\signUpInValidCredentials.png width = 200px height=200px />]]>
  </system-out>
  <testcase classname="tests.SignInTest" name="signUpEmptyCredentials" time="8.901"/>
  <system-out>
    <![CDATA[<img src= C:\Users\cibhi\eclipse-workspace\Ecommerce\screenshots\signUpEmptyCredentials.png width = 200px height=200px />]]>
  </system-out>
</testsuite> <!-- tests.SignInTest -->
