<?xml version="1.0" encoding="UTF-8"?>
<!-- Generated by org.testng.reporters.JUnitReportReporter -->
<testsuite hostname="Cibhichakaravarthi" failures="0" tests="3" name="tests.SignInTest" time="27.490" errors="0" timestamp="2024-07-09T16:57:56 IST" skipped="0">
  <testcase classname="tests.SignInTest" name="signUpValidCredentials" time="8.020"/>
  <system-out>
    <![CDATA[<img src= C:\Users\cibhi\eclipse-workspace\Ecommerce\screenshots\signUpValidCredentials.png width = 200px height=200px />]]>
  </system-out>
  <testcase classname="tests.SignInTest" name="signUpInValidCredentials" time="11.387"/>
  <system-out>
    <![CDATA[<img src= C:\Users\cibhi\eclipse-workspace\Ecommerce\screenshots\signUpInValidCredentials.png width = 200px height=200px />]]>
  </system-out>
  <testcase classname="tests.SignInTest" name="signUpEmptyCredentials" time="8.083"/>
  <system-out>
    <![CDATA[<img src= C:\Users\cibhi\eclipse-workspace\Ecommerce\screenshots\signUpEmptyCredentials.png width = 200px height=200px />]]>
  </system-out>
</testsuite> <!-- tests.SignInTest -->
