<?xml version="1.0" encoding="UTF-8"?>
<!-- Generated by org.testng.reporters.JUnitReportReporter -->
<testsuite hostname="Cibhichakaravarthi" failures="0" tests="1" name="tests.ShopByDepartmentTest" time="19.812" errors="0" timestamp="2024-07-09T16:57:56 IST" skipped="0">
  <testcase classname="tests.ShopByDepartmentTest" name="shopByDepartment" time="19.812"/>
  <system-out>
    <![CDATA[<img src= C:\Users\cibhi\eclipse-workspace\Ecommerce\screenshots\shopByDepartment.png width = 200px height=200px />]]>
  </system-out>
</testsuite> <!-- tests.ShopByDepartmentTest -->
