<?xml version="1.0" encoding="UTF-8"?>
<!-- Generated by org.testng.reporters.JUnitReportReporter -->
<testsuite hostname="Cibhichakaravarthi" failures="0" tests="3" name="tests.CreateAccountTest" time="38.207" errors="0" timestamp="2024-07-09T16:57:56 IST" skipped="0">
  <testcase classname="tests.CreateAccountTest" name="createAccountValidCredentials" time="19.684"/>
  <system-out>
    <![CDATA[<img src= C:\Users\cibhi\eclipse-workspace\Ecommerce\screenshots\createAccountValidCredentials.png width = 200px height=200px />]]>
  </system-out>
  <testcase classname="tests.CreateAccountTest" name="createAccountInvalidCredentials" time="10.511"/>
  <system-out>
    <![CDATA[<img src= C:\Users\cibhi\eclipse-workspace\Ecommerce\screenshots\createAccountInvalidCredentials.png width = 200px height=200px />]]>
  </system-out>
  <testcase classname="tests.CreateAccountTest" name="createAccountEmptyCredentials" time="8.012"/>
  <system-out>
    <![CDATA[<img src= C:\Users\cibhi\eclipse-workspace\Ecommerce\screenshots\createAccountEmptyCredentials.png width = 200px height=200px />]]>
  </system-out>
</testsuite> <!-- tests.CreateAccountTest -->
