<?xml version="1.0" encoding="UTF-8"?>
<!-- Generated by org.testng.reporters.JUnitReportReporter -->
<testsuite hostname="Cibhichakaravarthi" failures="0" tests="1" name="tests.ShopByBrandTest" time="36.423" errors="0" timestamp="2024-07-09T18:33:40 IST" skipped="0">
  <testcase classname="tests.ShopByBrandTest" name="shopByBrands" time="36.423"/>
  <system-out>
    <![CDATA[<img src= C:\Users\cibhi\eclipse-workspace\Ecommerce\screenshots\shopByBrands.png width = 200px height=200px />]]>
  </system-out>
</testsuite> <!-- tests.ShopByBrandTest -->
