<?xml version="1.0" encoding="UTF-8"?>
<!-- Generated by org.testng.reporters.JUnitReportReporter -->
<testsuite hostname="Cibhichakaravarthi" failures="0" tests="2" name="tests.CheckoutAndPaymentProcessTest" time="33.701" errors="0" timestamp="2024-07-09T18:00:25 IST" skipped="0">
  <testcase classname="tests.CheckoutAndPaymentProcessTest" name="checkoutLoginProcess" time="5.027"/>
  <system-out>
    <![CDATA[<img src= C:\Users\cibhi\eclipse-workspace\Ecommerce\screenshots\checkoutLoginProcess.png width = 200px height=200px />]]>
  </system-out>
  <testcase classname="tests.CheckoutAndPaymentProcessTest" name="paymentInformation" time="28.674"/>
  <system-out>
    <![CDATA[<img src= C:\Users\cibhi\eclipse-workspace\Ecommerce\screenshots\paymentInformation.png width = 200px height=200px />]]>
  </system-out>
</testsuite> <!-- tests.CheckoutAndPaymentProcessTest -->
